Arguments: 
  C:\Program Files\nodejs\node.exe C:\Program Files (x86)\Yarn\bin\yarn.js add react-router-dom

PATH: 
  C:\Users\manni\AppData\Roaming\nvm\v14.17.1\node_modules\npm\node_modules\npm-lifecycle\node-gyp-bin;C:\Users\manni\Documents\ComputerScience\After College\react-intro\node_modules\.bin;C:\Python39\;C:\Program Files (x86)\Common Files\Intel\Shared Libraries\redist\intel64\compiler;C:\WINDOWS\system32;C:\WINDOWS;C:\WINDOWS\System32\Wbem;C:\WINDOWS\System32\WindowsPowerShell\v1.0\;C:\WINDOWS\System32\OpenSSH\;C:\Program Files (x86)\NVIDIA Corporation\PhysX\Common;C:\Users\manni\AppData\Local\Microsoft\WindowsApps;C:\Users\manni\AppData\Local\Programs\Microsoft VS Code\bin;C:\adb;C:\Users\manni\AppData\Roaming\Microsoft\Windows\Start Menu\Programs\Python 3.8;C:\ProgramData\chocolatey\bin;C:\Program Files (x86)\Yarn\bin\;C:\Program Files\Java\jdk1.8.0_211\bin;C:\Program Files (x86)\PuTTY\;C:\xampp\mysql\bin\;C:\WINDOWS\system32;C:\WINDOWS;C:\WINDOWS\System32\Wbem;C:\WINDOWS\System32\WindowsPowerShell\v1.0\;C:\WINDOWS\System32\OpenSSH\;C:\xampp\php;C:\ProgramData\ComposerSetup\bin;C:\Program Files\CMake\bin;C:\Users\manni\AppData\Roaming\nvm;C:\Program Files\nodejs;C:\Program Files\nodejs;C:\Go\bin;C:\Prog;C:\ProgramData\chocolatey\lib\maven\apache-maven-3.8.2\bin;C:\Program Files\Java\jdk-11.0.11\bin;C:\Program Files\Amazon\AWSCLIV2\;C:\Program Files\Java\jre7\bin;;C:\minikube;C:\Program Files\Docker\Docker\resources\bin;C:\ProgramData\DockerDesktop\version-bin;C:\Users\manni\scoop\shims;C:\Ruby30-x64\bin;C:\Users\manni\.poetry\bin;C:\Program Files\MySQL\MySQL Shell 8.0\bin\;C:\Users\manni\AppData\Local\Microsoft\WindowsApps;C:\Users\manni\AppData\Local\Programs\Microsoft VS Code\bin;C:\Python\Python39;C:\Python\Python39\Scripts;C:\Users\manni\AppData\Local\Yarn\bin;C:\Users\manni\AppData\Local\Android\Sdk\platform-tools;C:\Users\manni\AppData\Roaming\Composer\vendor\bin;C:\Users\manni\anaconda3;C:\Users\manni\anaconda3\Scripts;C:\Users\manni\anaconda3\Library\bin;C:\Users\manni\AppData\Roaming\nvm;C:\Program Files\Nodejs;C:\Program Files (x86)\Vim\vim82;C:\Users\manni\go\bin;C:\Users\manni\AppData\Local\gitkraken\bin;C:\Program Files\JetBrains\PyCharm 2020.3.1\bin;;C:\Users\manni\AppData\Local\GitHubDesktop\bin;C:\Exercism;C:\Program Files\Graphviz\bin;C:\Users\manni\AppData\Local\Pandoc\;C:\Program Files\heroku\bin;C:\Program Files\PostgreSQL\13\lib;C:\Program Files\PostgreSQL\13\bin;C:\Users\manni\.dotnet\tools;C:\Program Files (x86)\sox-14-4-2;C:\php\8.0.6;c:\users\manni\appdata\roaming\python\python39\site-packages;C:\Users\manni\AppData\Roaming\Python\Python39\Scripts;C:\Users\manni\.local\bin;C:\Users\manni\.pyenv\pyenv-win\bin;C:\Users\manni\.pyenv\pyenv-win\shims;C:\Users\manni\.poetry\bin;C:\FFmpeg\bin;C:\Program Files\Git\cmd;C:\Program Files\Docker\Docker\resources\bin;C:\tools\neovim\Neovim\bin;C:\Program Files\Java\jdk-11.0.11\bin;C:\Program Files\JetBrains\PyCharm 2020.3.3\bin;C:\Program Files (x86)\GitHub CLI\;C:\Program Files\7-Zip;C:\Users\manni\AppData\Local\Programs\Hyper\resources\bin;C:\Users\manni\Downloads\hadoop-3.1.0\bin;

Yarn version: 
  1.22.5

Node version: 
  14.17.1

Platform: 
  win32 x64

Trace: 
  Error: EPERM: operation not permitted, unlink 'C:\Users\manni\Documents\ComputerScience\After College\react-intro\node_modules\deasync\bin\win32-x64-node-14\deasync.node'

npm manifest: 
  {
    "name": "react-intro",
    "version": "1.0.0",
    "description": "Intro to React",
    "main": "index.js",
    "scripts": {
      "dev": "parcel src/index.html",
      "format": "prettier --write \"src/**/*.{js,jsx}\"",
      "lint": "eslint \"src/**/*.{js,jsx}\" --quiet"
    },
    "repository": {
      "type": "git",
      "url": "git+https://github.com/manningb/react-intro.git"
    },
    "keywords": [],
    "author": "",
    "license": "ISC",
    "bugs": {
      "url": "https://github.com/manningb/react-intro/issues"
    },
    "homepage": "https://github.com/manningb/react-intro#readme",
    "devDependencies": {
      "@babel/core": "^7.12.16",
      "@babel/preset-react": "^7.12.13",
      "eslint": "^7.18.0",
      "eslint-config-prettier": "^8.1.0",
      "eslint-plugin-import": "^2.22.1",
      "eslint-plugin-jsx-a11y": "^6.4.1",
      "eslint-plugin-react": "^7.22.0",
      "eslint-plugin-react-hooks": "^4.2.0",
      "parcel": "^1.12.3",
      "prettier": "^2.5.1"
    },
    "dependencies": {
      "react": "^17.0.1",
      "react-dom": "^17.0.1"
    },
    "browserslist": [
      "last 2 Chrome versions"
    ]
  }

yarn manifest: 
  No manifest

Lockfile: 
  No lockfile
